<?xml version="1.0" encoding="utf-8"?><testsuites name="pytest tests"><testsuite name="pytest" errors="0" failures="0" skipped="0" tests="14" time="18.719" timestamp="2026-02-28T22:50:30.737128+00:00" hostname="agent-env-b8766ecd-d5e0-4223-bd1c-01597d6f6666"><testcase classname="backend.tests.test_conscience_soufie_api.TestHealthCheck" name="test_api_root" time="0.161" /><testcase classname="backend.tests.test_conscience_soufie_api.TestPodcastsAPI" name="test_podcasts_endpoint_returns_200" time="1.245" /><testcase classname="backend.tests.test_conscience_soufie_api.TestPodcastsAPI" name="test_podcasts_returns_podcast_list" time="1.199" /><testcase classname="backend.tests.test_conscience_soufie_api.TestPodcastsAPI" name="test_podcasts_have_required_fields" time="1.147" /><testcase classname="backend.tests.test_conscience_soufie_api.TestPodcastsAPI" name="test_podcasts_audio_url_present" time="1.373" /><testcase classname="backend.tests.test_conscience_soufie_api.TestArticlesByTagAPI" name="test_articles_by_tag_soufisme" time="0.572" /><testcase classname="backend.tests.test_conscience_soufie_api.TestArticlesByTagAPI" name="test_articles_by_tag_rumi" time="0.977" /><testcase classname="backend.tests.test_conscience_soufie_api.TestArticlesByTagAPI" name="test_articles_by_tag_ibn_arabi" time="1.344" /><testcase classname="backend.tests.test_conscience_soufie_api.TestArticlesByTagAPI" name="test_articles_by_tag_henri_corbin" time="1.869" /><testcase classname="backend.tests.test_conscience_soufie_api.TestArticlesByTagAPI" name="test_articles_have_wordpress_structure" time="5.009" /><testcase classname="backend.tests.test_conscience_soufie_api.TestArticlesByTagAPI" name="test_articles_by_unknown_tag_returns_empty" time="1.599" /><testcase classname="backend.tests.test_conscience_soufie_api.TestHelloAssoEventsAPI" name="test_helloasso_events_endpoint" time="1.144" /><testcase classname="backend.tests.test_conscience_soufie_api.TestHelloAssoEventsAPI" name="test_events_have_required_fields" time="0.519" /><testcase classname="backend.tests.test_conscience_soufie_api.TestZoomWebinarsAPI" name="test_zoom_webinars_endpoint" time="0.451" /></testsuite></testsuites>